<?xml version="1.0" encoding="UTF-8"?>
<!-- Generated by org.testng.reporters.JUnitReportReporter -->
<testsuite hostname="DESKTOP-VP9BVOJ" failures="0" tests="2" name="com.TestVagrant.testCases.TestValidations" time="2.410" errors="0" timestamp="28 Dec 2022 17:55:48 GMT" skipped="0">
  <testcase classname="com.TestVagrant.testCases.TestValidations" name="wicketKeeperValidation" time="0.228"/>
  <testcase classname="com.TestVagrant.testCases.TestValidations" name="foreignPlayersValidation" time="2.182"/>
</testsuite> <!-- com.TestVagrant.testCases.TestValidations -->
