<?xml version="1.0" encoding="UTF-8"?>
<!-- Generated by org.testng.reporters.JUnitReportReporter -->
<testsuite hostname="DESKTOP-VP9BVOJ" failures="0" tests="2" name="com.TestVagrant.testCases.testClass" time="2.676" errors="0" timestamp="28 Dec 2022 12:03:09 GMT" skipped="0">
  <testcase classname="com.TestVagrant.testCases.testClass" name="wicketKeeperValidation" time="0.239"/>
  <testcase classname="com.TestVagrant.testCases.testClass" name="foreignPlayersValidation" time="2.437"/>
</testsuite> <!-- com.TestVagrant.testCases.testClass -->
